Using pre-set license
Built from '2020.3/staging' branch; Version is '2020.3.23f1 (c5d91304a876) revision 12966163'; Using compiler version '192528614'; Build Type 'Release'
OS: 'Windows 10 Home Single Language; OS build 22000.318; Version 2009; 64bit' Language: 'en' Physical Memory: 8023 MB
BatchMode: 1, IsHumanControllingUs: 0, StartBugReporterOnCrash: 0, Is64bit: 1, IsPro: 0

COMMAND LINE ARGUMENTS:
C:\Program Files\Unity\Hub\Editor\2020.3.23f1\Editor\Unity.exe
-adb2
-batchMode
-noUpm
-name
AssetImportWorker0
-projectPath
C:/Users/quydo/ShioTatsumi
-logFile
Logs/AssetImportWorker0.log
-srvPort
58283
Successfully changed project path to: C:/Users/quydo/ShioTatsumi
C:/Users/quydo/ShioTatsumi
Using Asset Import Pipeline V2.
Refreshing native plugins compatible for Editor in 48.11 ms, found 3 plugins.
Preloading 0 native plugins for Editor in 0.00 ms.
Initialize engine version: 2020.3.23f1 (c5d91304a876)
[Subsystems] Discovering subsystems at path C:/Program Files/Unity/Hub/Editor/2020.3.23f1/Editor/Data/Resources/UnitySubsystems
[Subsystems] Discovering subsystems at path C:/Users/quydo/ShioTatsumi/Assets
GfxDevice: creating device client; threaded=0
Direct3D:
    Version:  Direct3D 11.0 [level 11.1]
    Renderer: NVIDIA GeForce GTX 1650 Ti (ID=0x1f95)
    Vendor:   
    VRAM:     3962 MB
    Driver:   27.21.14.5167
Initialize mono
Mono path[0] = 'C:/Program Files/Unity/Hub/Editor/2020.3.23f1/Editor/Data/Managed'
Mono path[1] = 'C:/Program Files/Unity/Hub/Editor/2020.3.23f1/Editor/Data/MonoBleedingEdge/lib/mono/unityjit'
Mono config path = 'C:/Program Files/Unity/Hub/Editor/2020.3.23f1/Editor/Data/MonoBleedingEdge/etc'
Using monoOptions --debugger-agent=transport=dt_socket,embedding=1,server=y,suspend=n,address=127.0.0.1:56744
Begin MonoManager ReloadAssembly
Registering precompiled unity dll's ...
Register platform support module: C:/Program Files/Unity/Hub/Editor/2020.3.23f1/Editor/Data/PlaybackEngines/WindowsStandaloneSupport/UnityEditor.WindowsStandalone.Extensions.dll
Registered in 0.001040 seconds.
Native extension for WindowsStandalone target not found
Refreshing native plugins compatible for Editor in 38.71 ms, found 3 plugins.
Preloading 0 native plugins for Editor in 0.00 ms.
Mono: successfully reloaded assembly
- Completed reload, in  0.502 seconds
Domain Reload Profiling:
	ReloadAssembly (503ms)
		BeginReloadAssembly (42ms)
			ExecutionOrderSort (0ms)
			DisableScriptedObjects (0ms)
			BackupInstance (0ms)
			ReleaseScriptingObjects (0ms)
			CreateAndSetChildDomain (1ms)
		EndReloadAssembly (397ms)
			LoadAssemblies (41ms)
			RebuildTransferFunctionScriptingTraits (0ms)
			SetupTypeCache (134ms)
			ReleaseScriptCaches (0ms)
			RebuildScriptCaches (27ms)
			SetupLoadedEditorAssemblies (155ms)
				LogAssemblyErrors (0ms)
				InitializePlatformSupportModulesInManaged (4ms)
				SetLoadedEditorAssemblies (0ms)
				RefreshPlugins (39ms)
				BeforeProcessingInitializeOnLoad (8ms)
				ProcessInitializeOnLoadAttributes (76ms)
				ProcessInitializeOnLoadMethodAttributes (29ms)
				AfterProcessingInitializeOnLoad (0ms)
				EditorAssembliesLoaded (0ms)
			ExecutionOrderSort2 (0ms)
			AwakeInstancesAfterBackupRestoration (0ms)
Platform modules already initialized, skipping
Registering precompiled user dll's ...
Registered in 0.003111 seconds.
Begin MonoManager ReloadAssembly
Native extension for WindowsStandalone target not found
Refreshing native plugins compatible for Editor in 42.74 ms, found 3 plugins.
Preloading 0 native plugins for Editor in 0.00 ms.
Mono: successfully reloaded assembly
- Completed reload, in  0.974 seconds
Domain Reload Profiling:
	ReloadAssembly (974ms)
		BeginReloadAssembly (117ms)
			ExecutionOrderSort (0ms)
			DisableScriptedObjects (4ms)
			BackupInstance (0ms)
			ReleaseScriptingObjects (0ms)
			CreateAndSetChildDomain (16ms)
		EndReloadAssembly (793ms)
			LoadAssemblies (79ms)
			RebuildTransferFunctionScriptingTraits (0ms)
			SetupTypeCache (275ms)
			ReleaseScriptCaches (1ms)
			RebuildScriptCaches (42ms)
			SetupLoadedEditorAssemblies (290ms)
				LogAssemblyErrors (0ms)
				InitializePlatformSupportModulesInManaged (3ms)
				SetLoadedEditorAssemblies (0ms)
				RefreshPlugins (43ms)
				BeforeProcessingInitializeOnLoad (59ms)
				ProcessInitializeOnLoadAttributes (166ms)
				ProcessInitializeOnLoadMethodAttributes (15ms)
				AfterProcessingInitializeOnLoad (4ms)
				EditorAssembliesLoaded (0ms)
			ExecutionOrderSort2 (0ms)
			AwakeInstancesAfterBackupRestoration (6ms)
Platform modules already initialized, skipping
========================================================================
Worker process is ready to serve import requests
Launched and connected shader compiler UnityShaderCompiler.exe after 0.06 seconds
Refreshing native plugins compatible for Editor in 0.79 ms, found 3 plugins.
Preloading 0 native plugins for Editor in 0.00 ms.
Unloading 2212 Unused Serialized files (Serialized files now loaded: 0)
System memory in use before: 96.5 MB.
System memory in use after: 96.6 MB.

Unloading 28 unused Assets to reduce memory usage. Loaded Objects now: 2649.
Total: 3.352500 ms (FindLiveObjects: 0.273000 ms CreateObjectMapping: 0.089000 ms MarkObjects: 2.908500 ms  DeleteObjects: 0.080400 ms)

AssetImportParameters requested are different than current active one (requested -> active):
  custom:framework-win-MediaFoundation: 216162199b28c13a410421893ffa2e32 -> 
  custom:video-decoder-ogg-theora: a1e56fd34408186e4bbccfd4996cb3dc -> 
  custom:container-muxer-webm: aa71ff27fc2769a1b78a27578f13a17b -> 
  custom:container-demuxer-webm: 4f35f7cbe854078d1ac9338744f61a02 -> 
  custom:container-demuxer-ogg: 62fdf1f143b41e24485cea50d1cbac27 -> 
  custom:video-encoder-webm-vp8: eb34c28f22e8b96e1ab97ce403110664 -> 
  custom:video-decoder-webm-vp8: 9c59270c3fd7afecdb556c50c9e8de78 -> 
  custom:audio-decoder-ogg-vorbis: bf7c407c2cedff20999df2af8eb42d56 -> 
  custom:audio-encoder-webm-vorbis: bf7c407c2cedff20999df2af8eb42d56 -> 
========================================================================
Received Import Request.
  path: Assets/Scenes/Mainmenu.unity
  artifactKey: Guid(2dd558167f53d8046a2dc5bb25b5eb2d) Importer(815301076,1909f56bfc062723c751e8b465ee728b)
Start importing Assets/Scenes/Mainmenu.unity using Guid(2dd558167f53d8046a2dc5bb25b5eb2d) Importer(815301076,1909f56bfc062723c751e8b465ee728b)  -> (artifact id: '215c047e87745460347f0c56dcc42d1b') in 0.015809 seconds 
  Import took 0.027927 seconds .

========================================================================
Received Import Request.
  Time since last request: 10.424973 seconds.
  path: Assets/Scenes/SampleScene.unity
  artifactKey: Guid(2cda990e2423bbf4892e6590ba056729) Importer(815301076,1909f56bfc062723c751e8b465ee728b)
Start importing Assets/Scenes/SampleScene.unity using Guid(2cda990e2423bbf4892e6590ba056729) Importer(815301076,1909f56bfc062723c751e8b465ee728b)  -> (artifact id: 'dd25ec7c9fdc7bd8814c0b4ca92bc20f') in 0.008098 seconds 
  Import took 0.013005 seconds .

========================================================================
Received Import Request.
  Time since last request: 2.161224 seconds.
  path: Assets/Scenes/LevelMenu.unity
  artifactKey: Guid(dad310b7f2e5636439914d7c01cb1981) Importer(815301076,1909f56bfc062723c751e8b465ee728b)
Start importing Assets/Scenes/LevelMenu.unity using Guid(dad310b7f2e5636439914d7c01cb1981) Importer(815301076,1909f56bfc062723c751e8b465ee728b)  -> (artifact id: 'a4e84e4ee248c58939c88eccbfae06d9') in 0.018334 seconds 
  Import took 0.022850 seconds .

========================================================================
Received Import Request.
  Time since last request: 44.973949 seconds.
  path: Assets/Sprites
  artifactKey: Guid(1d8c44d3ee73d1d408f9ba405b3f2d96) Importer(815301076,1909f56bfc062723c751e8b465ee728b)
Start importing Assets/Sprites using Guid(1d8c44d3ee73d1d408f9ba405b3f2d96) Importer(815301076,1909f56bfc062723c751e8b465ee728b)  -> (artifact id: '7fcbbef1de70f42b945ac12ef86b3806') in 0.008885 seconds 
  Import took 0.013298 seconds .

========================================================================
Received Import Request.
  Time since last request: 5.761437 seconds.
  path: Assets/Sprites/Logo.png
  artifactKey: Guid(42a6185c221ea1549a7fbf31f31f6a5f) Importer(815301076,1909f56bfc062723c751e8b465ee728b)
Start importing Assets/Sprites/Logo.png using Guid(42a6185c221ea1549a7fbf31f31f6a5f) Importer(815301076,1909f56bfc062723c751e8b465ee728b)  -> (artifact id: 'b95b0313dca0a13dbe9cbd394ad8c977') in 0.091606 seconds 
  Import took 0.096264 seconds .

========================================================================
Received Import Request.
  Time since last request: 9.728704 seconds.
  path: Assets/Sprites/MenuBG.jpg
  artifactKey: Guid(623f870e854e4a8489ea20750250a961) Importer(815301076,1909f56bfc062723c751e8b465ee728b)
Start importing Assets/Sprites/MenuBG.jpg using Guid(623f870e854e4a8489ea20750250a961) Importer(815301076,1909f56bfc062723c751e8b465ee728b)  -> (artifact id: '63f806dcb524adb10e29d42b4803c4df') in 0.026159 seconds 
  Import took 0.029985 seconds .

========================================================================
Received Import Request.
  Time since last request: 8.060863 seconds.
  path: Assets/VNCreator/_Demo/Sprites/Characters/spr_rambear.png
  artifactKey: Guid(59761d37806f3244ba77b4b23f66b5a4) Importer(815301076,1909f56bfc062723c751e8b465ee728b)
Start importing Assets/VNCreator/_Demo/Sprites/Characters/spr_rambear.png using Guid(59761d37806f3244ba77b4b23f66b5a4) Importer(815301076,1909f56bfc062723c751e8b465ee728b)  -> (artifact id: 'd1f9b2e0f02c532f44c29759a544e746') in 0.037339 seconds 
  Import took 0.041675 seconds .

========================================================================
Received Import Request.
  Time since last request: 0.617598 seconds.
  path: Assets/VNCreator/_Demo/Sprites/Backgrounds/spr_background_01.PNG
  artifactKey: Guid(33e9349b053675349b72673901850745) Importer(815301076,1909f56bfc062723c751e8b465ee728b)
Start importing Assets/VNCreator/_Demo/Sprites/Backgrounds/spr_background_01.PNG using Guid(33e9349b053675349b72673901850745) Importer(815301076,1909f56bfc062723c751e8b465ee728b)  -> (artifact id: '3b7067533b4f09cc02cf026270db5c6d') in 0.025119 seconds 
  Import took 0.029386 seconds .

========================================================================
Received Import Request.
  Time since last request: 0.000176 seconds.
  path: Assets/VNCreator/_Demo/Sprites/Characters/spr_coon.png
  artifactKey: Guid(e89e94c938bf20549b956865c8ecab8d) Importer(815301076,1909f56bfc062723c751e8b465ee728b)
Start importing Assets/VNCreator/_Demo/Sprites/Characters/spr_coon.png using Guid(e89e94c938bf20549b956865c8ecab8d) Importer(815301076,1909f56bfc062723c751e8b465ee728b)  -> (artifact id: '16e10e13be19415caf498ed3960ca69c') in 0.038052 seconds 
  Import took 0.042833 seconds .

========================================================================
Received Import Request.
  Time since last request: 0.000243 seconds.
  path: Assets/VNCreator/_Demo/Sprites/Backgrounds/spr_background.PNG
  artifactKey: Guid(375910f00bc5ed64b8b7415a00664f88) Importer(815301076,1909f56bfc062723c751e8b465ee728b)
Start importing Assets/VNCreator/_Demo/Sprites/Backgrounds/spr_background.PNG using Guid(375910f00bc5ed64b8b7415a00664f88) Importer(815301076,1909f56bfc062723c751e8b465ee728b)  -> (artifact id: '9d7413ef75bb2a94767a915189384273') in 0.033127 seconds 
  Import took 0.037839 seconds .

========================================================================
Received Import Request.
  Time since last request: 853.587592 seconds.
  path: Assets/Script/Controller Script/MainmenuController.cs
  artifactKey: Guid(3396769d437036841ba8744f78e6320f) Importer(815301076,1909f56bfc062723c751e8b465ee728b)
Start importing Assets/Script/Controller Script/MainmenuController.cs using Guid(3396769d437036841ba8744f78e6320f) Importer(815301076,1909f56bfc062723c751e8b465ee728b)  -> (artifact id: '60236b6b1df1e35c6e3f1beeba9f6756') in 0.025353 seconds 
  Import took 0.030664 seconds .

========================================================================
Received Import Request.
  Time since last request: 85.555600 seconds.
  path: Assets/Scenes/LevelMenu.unity
  artifactKey: Guid(dad310b7f2e5636439914d7c01cb1981) Importer(815301076,1909f56bfc062723c751e8b465ee728b)
Start importing Assets/Scenes/LevelMenu.unity using Guid(dad310b7f2e5636439914d7c01cb1981) Importer(815301076,1909f56bfc062723c751e8b465ee728b)  -> (artifact id: '6ce776e148a6c2e47508a2262cdd8c70') in 0.003555 seconds 
  Import took 0.009359 seconds .

========================================================================
Received Import Request.
  Time since last request: 69.011467 seconds.
  path: Assets/Scenes
  artifactKey: Guid(280bdb5a6d1d11f489ac2f33f133af41) Importer(815301076,1909f56bfc062723c751e8b465ee728b)
Start importing Assets/Scenes using Guid(280bdb5a6d1d11f489ac2f33f133af41) Importer(815301076,1909f56bfc062723c751e8b465ee728b)  -> (artifact id: 'b7f46105072691e420b2307651dc50b4') in 0.019110 seconds 
  Import took 0.023697 seconds .

========================================================================
Received Import Request.
  Time since last request: 2.886037 seconds.
  path: Assets/Scenes/2.unity
  artifactKey: Guid(2dd558167f53d8046a2dc5bb25b5eb2d) Importer(815301076,1909f56bfc062723c751e8b465ee728b)
Start importing Assets/Scenes/2.unity using Guid(2dd558167f53d8046a2dc5bb25b5eb2d) Importer(815301076,1909f56bfc062723c751e8b465ee728b)  -> (artifact id: '302e3377a55d01b9aebc4917786fba05') in 0.007294 seconds 
  Import took 0.011911 seconds .

========================================================================
Received Import Request.
  Time since last request: 6.542169 seconds.
  path: Assets/Scenes/Mainmenu.unity
  artifactKey: Guid(dad310b7f2e5636439914d7c01cb1981) Importer(815301076,1909f56bfc062723c751e8b465ee728b)
Start importing Assets/Scenes/Mainmenu.unity using Guid(dad310b7f2e5636439914d7c01cb1981) Importer(815301076,1909f56bfc062723c751e8b465ee728b)  -> (artifact id: '6ff463d66c25c72bfcd8859eacc517fd') in 0.013769 seconds 
  Import took 0.018763 seconds .

========================================================================
Received Import Request.
  Time since last request: 18.032606 seconds.
  path: Assets/Scenes/Gameplay.unity
  artifactKey: Guid(2dd558167f53d8046a2dc5bb25b5eb2d) Importer(815301076,1909f56bfc062723c751e8b465ee728b)
Start importing Assets/Scenes/Gameplay.unity using Guid(2dd558167f53d8046a2dc5bb25b5eb2d) Importer(815301076,1909f56bfc062723c751e8b465ee728b)  -> (artifact id: 'b7057dcc06efc6e62937750c31e78f9f') in 0.007978 seconds 
  Import took 0.012009 seconds .

========================================================================
Received Import Request.
  Time since last request: 73.025777 seconds.
  path: Assets/Sprites/Text box.png
  artifactKey: Guid(42619d301d644874dacfd7f41ebbb0d0) Importer(815301076,1909f56bfc062723c751e8b465ee728b)
Start importing Assets/Sprites/Text box.png using Guid(42619d301d644874dacfd7f41ebbb0d0) Importer(815301076,1909f56bfc062723c751e8b465ee728b)  -> (artifact id: '93fb36147086ba22bbc92ff21b8eca37') in 0.026888 seconds 
  Import took 0.031374 seconds .

========================================================================
Received Import Request.
  Time since last request: 68.044671 seconds.
  path: Assets/VNCreator/VNCreator.asmdef
  artifactKey: Guid(dba4a91e827c61d4fbe12cb551b2ebf1) Importer(815301076,1909f56bfc062723c751e8b465ee728b)
Start importing Assets/VNCreator/VNCreator.asmdef using Guid(dba4a91e827c61d4fbe12cb551b2ebf1) Importer(815301076,1909f56bfc062723c751e8b465ee728b)  -> (artifact id: '30d05f659ac9450c9683116faf7b4b09') in 0.020345 seconds 
  Import took 0.024779 seconds .

========================================================================
Received Import Request.
  Time since last request: 98.592050 seconds.
  path: Assets/Scenes/Mainmenu.unity
  artifactKey: Guid(dad310b7f2e5636439914d7c01cb1981) Importer(815301076,1909f56bfc062723c751e8b465ee728b)
Start importing Assets/Scenes/Mainmenu.unity using Guid(dad310b7f2e5636439914d7c01cb1981) Importer(815301076,1909f56bfc062723c751e8b465ee728b)  -> (artifact id: '37953f7aa2d7a173e4db4cccdcdbdfca') in 0.003337 seconds 
  Import took 0.017656 seconds .

========================================================================
Received Import Request.
  Time since last request: 179.753304 seconds.
  path: Assets/Scenes/Options.unity
  artifactKey: Guid(a4df30abcb20ceb46a8bf909a35fcaec) Importer(815301076,1909f56bfc062723c751e8b465ee728b)
Start importing Assets/Scenes/Options.unity using Guid(a4df30abcb20ceb46a8bf909a35fcaec) Importer(815301076,1909f56bfc062723c751e8b465ee728b)  -> (artifact id: '6a3c8721aff93b003c6cd221ffe8125d') in 0.018256 seconds 
  Import took 0.023284 seconds .

========================================================================
Received Import Request.
  Time since last request: 31.674985 seconds.
  path: Assets/Script/Controller Script/MainmenuController.cs
  artifactKey: Guid(3396769d437036841ba8744f78e6320f) Importer(815301076,1909f56bfc062723c751e8b465ee728b)
Start importing Assets/Script/Controller Script/MainmenuController.cs using Guid(3396769d437036841ba8744f78e6320f) Importer(815301076,1909f56bfc062723c751e8b465ee728b)  -> (artifact id: 'f71ff0f8665f675547e1e0b6879777de') in 0.003289 seconds 
  Import took 0.007997 seconds .

========================================================================
Received Import Request.
  Time since last request: 17.344949 seconds.
  path: Assets/Scenes/Options.unity
  artifactKey: Guid(a4df30abcb20ceb46a8bf909a35fcaec) Importer(815301076,1909f56bfc062723c751e8b465ee728b)
Start importing Assets/Scenes/Options.unity using Guid(a4df30abcb20ceb46a8bf909a35fcaec) Importer(815301076,1909f56bfc062723c751e8b465ee728b)  -> (artifact id: 'a21bd33ffd0ffa1ad5c6a19b83f0c317') in 0.004823 seconds 
  Import took 0.021781 seconds .

========================================================================
Received Import Request.
  Time since last request: 340.467140 seconds.
  path: Assets/Script/Controller Script/MainmenuController.cs
  artifactKey: Guid(3396769d437036841ba8744f78e6320f) Importer(815301076,1909f56bfc062723c751e8b465ee728b)
Start importing Assets/Script/Controller Script/MainmenuController.cs using Guid(3396769d437036841ba8744f78e6320f) Importer(815301076,1909f56bfc062723c751e8b465ee728b)  -> (artifact id: '1385d2f9915df6fb702e94ba53687e17') in 0.002858 seconds 
  Import took 0.009108 seconds .

========================================================================
Received Import Request.
  Time since last request: 409.631033 seconds.
  path: Assets/Script/Controller Script/MainmenuController.cs
  artifactKey: Guid(3396769d437036841ba8744f78e6320f) Importer(815301076,1909f56bfc062723c751e8b465ee728b)
Start importing Assets/Script/Controller Script/MainmenuController.cs using Guid(3396769d437036841ba8744f78e6320f) Importer(815301076,1909f56bfc062723c751e8b465ee728b)  -> (artifact id: '00000000000000000000000000000000') in 0.001233 seconds  code(4) message(Build asset version error: assets/script/controller script/mainmenucontroller.cs in SourceAssetDB has modification time of '2021-11-23T14:23:33.0396921Z' while content on disk has modification time of '2021-11-23T14:24:11.7643094Z')
  ERROR: Build asset version error: assets/script/controller script/mainmenucontroller.cs in SourceAssetDB has modification time of '2021-11-23T14:23:33.0396921Z' while content on disk has modification time of '2021-11-23T14:24:11.7643094Z'
  Import took 0.005912 seconds .

========================================================================
Received Import Request.
  Time since last request: 5.540147 seconds.
  path: Assets/Script/Controller Script/MainmenuController.cs
  artifactKey: Guid(3396769d437036841ba8744f78e6320f) Importer(815301076,1909f56bfc062723c751e8b465ee728b)
Start importing Assets/Script/Controller Script/MainmenuController.cs using Guid(3396769d437036841ba8744f78e6320f) Importer(815301076,1909f56bfc062723c751e8b465ee728b)  -> (artifact id: '952ef2aa2beb142b1b08db35490c67e5') in 0.014883 seconds 
  Import took 0.031992 seconds .

========================================================================
Received Import Request.
  Time since last request: 74.904860 seconds.
  path: Assets/Scenes/Mainmenu.unity
  artifactKey: Guid(dad310b7f2e5636439914d7c01cb1981) Importer(815301076,1909f56bfc062723c751e8b465ee728b)
Start importing Assets/Scenes/Mainmenu.unity using Guid(dad310b7f2e5636439914d7c01cb1981) Importer(815301076,1909f56bfc062723c751e8b465ee728b)  -> (artifact id: '198c6b22e77605ed211e6d625037e6db') in 0.010036 seconds 
  Import took 0.014246 seconds .

AssetImportWorkerClient::OnTransportError - code=2 error=End of file
